{
  "RSpec": {
    "coverage": {
      "/Users/arthurashman/Projects/MakersAcademy/week-10/bank-tech-test/spec/account_spec.rb": [
        1,
        null,
        1,
        7,
        5,
        5,
        2,
        null,
        1,
        1,
        null,
        null,
        1,
        1,
        1,
        4,
        null,
        null,
        1,
        1,
        1,
        1,
        null,
        null,
        null,
        1,
        1,
        1,
        1,
        4,
        null,
        1,
        1,
        1,
        1,
        null,
        null,
        null,
        1,
        1,
        1,
        1,
        null,
        null,
        null
      ],
      "/Users/arthurashman/Projects/MakersAcademy/week-10/bank-tech-test/lib/account.rb": [
        1,
        1,
        null,
        1,
        10,
        10,
        null,
        null,
        1,
        6,
        6,
        null,
        null,
        1,
        4,
        4,
        null,
        null,
        1,
        5,
        null,
        null
      ],
      "/Users/arthurashman/Projects/MakersAcademy/week-10/bank-tech-test/spec/statement_entry_spec.rb": [
        1,
        null,
        1,
        1,
        1,
        1,
        null,
        null,
        1,
        1,
        1,
        null,
        1,
        1,
        1,
        null,
        null
      ],
      "/Users/arthurashman/Projects/MakersAcademy/week-10/bank-tech-test/lib/statement_entry.rb": [
        1,
        1,
        null,
        1,
        8,
        8,
        8,
        8,
        null,
        null
      ],
      "/Users/arthurashman/Projects/MakersAcademy/week-10/bank-tech-test/spec/statement_printer_spec.rb": [
        1,
        null,
        1,
        4,
        null,
        1,
        1,
        1,
        null,
        null,
        null,
        1,
        1,
        1,
        null,
        null,
        1,
        1,
        1,
        1,
        1,
        null,
        null,
        null,
        null
      ],
      "/Users/arthurashman/Projects/MakersAcademy/week-10/bank-tech-test/lib/statement_printer.rb": [
        1,
        1,
        7,
        7,
        9,
        null,
        7,
        null,
        null
      ],
      "/Users/arthurashman/Projects/MakersAcademy/week-10/bank-tech-test/spec/statement_shows_deposits_and_withdrawals_spec.rb": [
        1,
        1,
        1,
        null,
        1,
        1,
        1,
        1,
        1,
        null,
        null,
        1,
        1,
        1,
        null,
        null,
        1,
        1,
        1,
        1,
        1,
        null,
        1,
        1,
        1,
        1,
        1,
        null,
        null
      ]
    },
    "timestamp": 1557409847
  }
}
